
Selecting FBConfig
GLX_FBCONFIG_ID=117
GLX_BUFFER_SIZE=32
GLX_DOUBLEBUFFER=1
GLX_RED_SIZE=8
GLX_GREEN_SIZE=8
GLX_BLUE_SIZE=8
GLX_ALPHA_SIZE=8
GLX_DEPTH_SIZE=24
GLX_STENCIL_SIZE=8
GLX_SAMPLES_ARB=0
GLX_SAMPLE_BUFFERS_ARB=0
GLX_CONFIG_CAVEAT=NONE

Desktop is 1366 x 768 @ 60 Hz
OpenGL:
    Version:  OpenGL 1.4 [1.4 (3.0 Mesa 10.2.1)]
    Renderer: Gallium 0.4 on AMD PALM
    Vendor:   X.Org
    VRAM:     256 MB
    Extensions: GL_ARB_depth_texture GL_ARB_draw_buffers GL_ARB_fragment_program GL_ARB_fragment_program_shadow GL_ARB_multisample GL_ARB_multitexture GL_ARB_occlusion_query GL_ARB_point_parameters GL_ARB_point_sprite GL_ARB_spid 16101 != 16088, skipping destruction (fork without exec?)
ERROR: ld.so: object '/home/smrtz/.local/share/Steam/ubuntu12_32/gameoverlayrenderer.so' from LD_PRELOAD cannot be preloaded (wrong ELF class: ELFCLASS32): ignored.
Assert( Assertion Failed: bRet ):/home/buildbot/buildslave/steam_rel_client_linux/build/src/clientdll/../common/pipes.cpp:660

ERROR: ld.so: object '/home/smrtz/.local/share/Steam/ubuntu12_64/gameoverlayrenderer.so' from LD_PRELOAD cannot be preloaded (wrong ELF class: ELFCLASS64): ignored.
Assert( CClientPipe::BWriteAndReadResult: BReadResult failed ):/home/buildbot/buildslave/steam_rel_client_linux/build/src/clientdll/../common/pipes.cpp:731

Uploading dump (out-of-process) [proxy '']
/tmp/dumps/crash_20140629104530_2.dmp
ERROR: ld.so: object '/home/smrtz/.local/share/Steam/ubuntu12_64/gameoverlayrenderer.so' from LD_PRELOAD cannot be preloaded (wrong ELF class: ELFCLASS64): ignored.
Uploading dump (out-of-process) [proxy '']
/tmp/dumps/assert_20140629104530_4.dmp
Finished uploading minidump (out-of-process): success = yes
response: CrashID=bp-7b459f90-958a-4fd9-ae6f-46fd12140629
pid 16114 != 16113, skipping destruction (fork without exec?)
Finished uploading minidump (out-of-process): success = yes
response: CrashID=bp-98f5ef45-14ea-49e9-b376-1358d2140629
pid 16117 != 16116, skipping destruction (fork without exec?)
_pack_invert GL_NV_blend_square GL_NV_depth_clamp GL_NV_fog_distance GL_NV_light_max_exponent GL_NV_texgen_reflection GL_NV_texture_env_combine4 GL_NV_texture_rectangle GL_SGIS_generate_mipmap GL_SGIS_texture_border_clamp GL_SGIS_texture_edge_clamp GL_SGIS_texture_lod GL_SUN_multi_draw_arrays 
GLX Extensions: GLX_ARB_create_context GLX_ARB_create_context_profile GLX_ARB_fbconfig_float GLX_ARB_framebuffer_sRGB GLX_ARB_get_proc_address GLX_ARB_multisample GLX_EXT_import_context GLX_EXT_visual_info GLX_EXT_visual_rating GLX_EXT_framebuffer_sRGB GLX_EXT_create_context_es2_profile GLX_MESA_copy_sub_buffer GLX_MESA_multithread_makecurrent GLX_OML_swap_method GLX_SGI_make_current_read GLX_SGI_swap_control GLX_SGIS_multisample GLX_SGIX_fbconfig GLX_SGIX_pbuffer GLX_SGIX_visual_select_group GLX_EXT_texture_from_pixmap GLX_INTEL_swap_event 
Setting maxVSyncInterval to 4
Initialize engine version: 4.1.2f1 (911c7369eeac)
Total system RAM: 7586 MiB
AudioManager: Using ALSA: default
Begin MonoManager ReloadAssembly
Platform assembly: /home/smrtz/.local/share/Steam/SteamApps/common/English Country Tune/English Country Tune_Data/Managed/UnityEngine.dll (this message is harmless)
Loading /home/smrtz/.local/share/Steam/SteamApps/common/English Country Tune/English Country Tune_Data/Managed/UnityEngine.dll into Unity Child Domain
Platform assembly: /home/smrtz/.local/share/Steam/SteamApps/common/English Country Tune/English Country Tune_Data/Managed/Assembly-CSharp-firstpass.dll (this message is harmless)
Loading /home/smrtz/.local/share/Steam/SteamApps/common/English Country Tune/English Country Tune_Data/Managed/Assembly-CSharp-firstpass.dll into Unity Child Domain
Platform assembly: /home/smrtz/.local/share/Steam/SteamApps/common/English Country Tune/English Country Tune_Data/Managed/Assembly-CSharp.dll (this message is harmless)
Loading /home/smrtz/.local/share/Steam/SteamApps/common/English Country Tune/English Country Tune_Data/Managed/Assembly-CSharp.dll into Unity Child Domain
Platform assembly: /home/smrtz/.local/share/Steam/SteamApps/common/English Country Tune/English Country Tune_Data/Managed/Assembly-UnityScript-firstpass.dll (this message is harmless)
Loading /home/smrtz/.local/share/Steam/SteamApps/common/English Country Tune/English Country Tune_Data/Managed/Assembly-UnityScript-firstpass.dll into Unity Child Domain
Platform assembly: /home/smrtz/.local/share/Steam/SteamApps/common/English Country Tune/English Country Tune_Data/Managed/Assembly-UnityScript.dll (this message is harmless)
Loading /home/smrtz/.local/share/Steam/SteamApps/common/English Country Tune/English Country Tune_Data/Managed/Assembly-UnityScript.dll into Unity Child Domain
Platform assembly: /home/smrtz/.local/share/Steam/SteamApps/common/English Country Tune/English Country Tune_Data/Managed/SteamworksManaged.dll (this message is harmless)
Loading /home/smrtz/.local/share/Steam/SteamApps/common/English Country Tune/English Country Tune_Data/Managed/SteamworksManaged.dll into Unity Child Domain
- Completed reload, in  0.226 seconds
Default vsync count 1
requesting resize 800 x 600
resizing window to 800 x 600
Desktop is 1366 x 768 @ 60 Hz
Platform assembly: /home/smrtz/.local/share/Steam/SteamApps/common/English Country Tune/English Country Tune_Data/Managed/System.Core.dll (this message is harmless)
Platform assembly: /home/smrtz/.local/share/Steam/SteamApps/common/English Country Tune/English Country Tune_Data/Managed/UnityScript.Lang.dll (this message is harmless)
Platform assembly: /home/smrtz/.local/share/Steam/SteamApps/common/English Country Tune/English Country Tune_Data/Managed/Boo.Lang.dll (this message is harmless)
Platform assembly: /home/smrtz/.local/share/Steam/SteamApps/common/English Country Tune/English Country Tune_Data/Managed/System.Xml.dll (this message is harmless)
